Aug 09, 2023 6:02:02 PM org.apache.coyote.AbstractProtocol init
INFO: Initializing ProtocolHandler ["http-nio-auto-1"]
Aug 09, 2023 6:02:02 PM org.apache.tomcat.util.net.NioSelectorPool getSharedSelector
INFO: Using a shared selector for servlet write/read
Aug 09, 2023 6:02:02 PM org.apache.catalina.core.StandardService startInternal
INFO: Starting service [Tomcat]
Aug 09, 2023 6:02:02 PM org.apache.catalina.core.StandardEngine startInternal
INFO: Starting Servlet engine: [Apache Tomcat/8.5.69]
Aug 09, 2023 6:02:02 PM org.apache.coyote.AbstractProtocol start
INFO: Starting ProtocolHandler ["http-nio-auto-1-39865"]
Aug 09, 2023 6:02:03 PM exercise.servlet.SessionServlet login
INFO: User lavern.keeling@gmail.com trying to login
Aug 09, 2023 6:02:03 PM exercise.servlet.SessionServlet login
INFO: User shoshana.haley@hotmail.com trying to login
Aug 09, 2023 6:02:03 PM exercise.servlet.SessionServlet login
INFO: User suzann.barrows@hotmail.com trying to login
Aug 09, 2023 6:02:03 PM exercise.servlet.SessionServlet login
INFO: User lavern.keeling@gmail.com trying to login
Aug 09, 2023 6:02:03 PM exercise.servlet.SessionServlet login
INFO: User lavern.keeling@gmail.com trying to login
Aug 09, 2023 6:02:03 PM exercise.servlet.SessionServlet login
INFO: User lavern.keeling@gmail.com trying to login
Aug 09, 2023 6:02:03 PM org.apache.coyote.AbstractProtocol pause
INFO: Pausing ProtocolHandler ["http-nio-auto-1-39865"]
Aug 09, 2023 6:02:03 PM org.apache.catalina.core.StandardService stopInternal
INFO: Stopping service [Tomcat]
Aug 09, 2023 6:02:03 PM org.apache.catalina.loader.WebappClassLoaderBase clearReferencesObjectStreamClassCaches
WARNING: When running on Java 9 or later you need to add "--add-opens=java.base/java.io=null" to the JVM command line arguments to enable ObjectStream cache memory leak protection. Alternatively, you can suppress this warning by disabling ObjectStream class cache memory leak protection.
Aug 09, 2023 6:02:03 PM org.apache.catalina.loader.WebappClassLoaderBase checkThreadLocalsForLeaks
WARNING: When running on Java 9 or later you need to add "--add-opens=java.base/java.lang=null" to the JVM command line arguments to enable ThreadLocal memory leak detection. Alternatively, you can suppress this warning by disabling ThreadLocal memory leak detection.
Aug 09, 2023 6:02:03 PM org.apache.catalina.loader.WebappClassLoaderBase clearReferencesRmiTargets
WARNING: When running on Java 9 or later you need to add "--add-opens=java.rmi/sun.rmi.transport=null" to the JVM command line arguments to enable RMI Target memory leak detection. Alternatively, you can suppress this warning by disabling RMI Target memory leak detection.
Aug 09, 2023 6:02:03 PM org.apache.coyote.AbstractProtocol stop
INFO: Stopping ProtocolHandler ["http-nio-auto-1-39865"]
Aug 09, 2023 6:02:54 PM org.apache.coyote.AbstractProtocol init
INFO: Initializing ProtocolHandler ["http-nio-8000"]
Aug 09, 2023 6:02:54 PM org.apache.tomcat.util.net.NioSelectorPool getSharedSelector
INFO: Using a shared selector for servlet write/read
Aug 09, 2023 6:02:54 PM org.apache.catalina.core.StandardService startInternal
INFO: Starting service [Tomcat]
Aug 09, 2023 6:02:54 PM org.apache.catalina.core.StandardEngine startInternal
INFO: Starting Servlet engine: [Apache Tomcat/8.5.69]
Aug 09, 2023 6:02:54 PM org.apache.coyote.AbstractProtocol start
INFO: Starting ProtocolHandler ["http-nio-8000"]
Aug 09, 2023 6:04:36 PM exercise.servlet.SessionServlet login
INFO: User puk@puk.ru trying to login
Aug 09, 2023 6:05:11 PM exercise.servlet.SessionServlet login
INFO: User puk@puk.ru trying to login
